  IOManager.cpp
c:\users\geoff\source\repos\game-engine\engine-io\iomanager.cpp(23): warning C4018: '<': signed/unsigned mismatch
c:\users\geoff\source\repos\game-engine\engine-io\iomanager.cpp(27): warning C4018: '<': signed/unsigned mismatch
c:\users\geoff\source\repos\game-engine\engine-io\iomanager.cpp(31): warning C4018: '<': signed/unsigned mismatch
c:\users\geoff\source\repos\game-engine\engine-io\iomanager.cpp(35): warning C4018: '<': signed/unsigned mismatch
c:\users\geoff\source\repos\game-engine\engine-io\iomanager.cpp(42): warning C4018: '<': signed/unsigned mismatch
c:\users\geoff\source\repos\game-engine\engine-io\iomanager.cpp(51): warning C4018: '<': signed/unsigned mismatch
c:\users\geoff\source\repos\game-engine\engine-io\iomanager.cpp(73): warning C4018: '<': signed/unsigned mismatch
c:\users\geoff\source\repos\game-engine\engine-io\iomanager.cpp(74): warning C4101: 'shader': unreferenced local variable
c:\users\geoff\source\repos\game-engine\engine-io\iomanager.cpp(85): warning C4018: '<': signed/unsigned mismatch
c:\users\geoff\source\repos\game-engine\engine-io\iomanager.cpp(120): warning C4018: '<': signed/unsigned mismatch
c:\users\geoff\source\repos\game-engine\engine-io\iomanager.cpp(124): warning C4018: '<': signed/unsigned mismatch
c:\users\geoff\source\repos\game-engine\engine-io\iomanager.cpp(128): warning C4018: '<': signed/unsigned mismatch
c:\users\geoff\source\repos\game-engine\engine-io\iomanager.cpp(132): warning C4018: '<': signed/unsigned mismatch
c:\users\geoff\source\repos\game-engine\engine-io\iomanager.cpp(170): warning C4018: '<': signed/unsigned mismatch
c:\users\geoff\source\repos\game-engine\engine-io\iomanager.cpp(182): warning C4018: '<': signed/unsigned mismatch
c:\users\geoff\source\repos\game-engine\engine-io\iomanager.cpp(194): warning C4018: '<': signed/unsigned mismatch
c:\users\geoff\source\repos\game-engine\engine-io\iomanager.cpp(178): warning C4715: 'IOManager::findTexture': not all control paths return a value
c:\users\geoff\source\repos\game-engine\engine-io\iomanager.cpp(202): warning C4715: 'IOManager::findShader': not all control paths return a value
c:\users\geoff\source\repos\game-engine\engine-io\iomanager.cpp(190): warning C4715: 'IOManager::findMesh': not all control paths return a value
  engine-io.vcxproj -> C:\Users\Geoff\Source\Repos\game-engine\_libs\Debug\engine-io.lib
